<?xml version="1.0" encoding="UTF-8"?>
<!-- Generated by org.testng.reporters.JUnitXMLReporter -->
<testsuite hostname="DESKTOP-H6AMJEJ" ignored="12" name="Test" tests="3" failures="0" timestamp="03 Sep 2020 17:26:52 GMT" time="0.064" errors="0">
  <testcase name="sysout" time="0.025" classname="org.tesng.ClassA"/>
  <testcase name="sysout" time="0.005" classname="org.tesng.ClassB"/>
  <testcase name="sysout" time="0.001" classname="org.tesng.ClassC"/>
  <testcase name="print4" time="0.0" classname="org.tesng.ClassC">
    <ignored/>
  </testcase> <!-- print4 -->
  <testcase name="print3" time="0.0" classname="org.tesng.ClassA">
    <ignored/>
  </testcase> <!-- print3 -->
  <testcase name="print4" time="0.0" classname="org.tesng.ClassB">
    <ignored/>
  </testcase> <!-- print4 -->
  <testcase name="print4" time="0.0" classname="org.tesng.ClassA">
    <ignored/>
  </testcase> <!-- print4 -->
  <testcase name="print3" time="0.0" classname="org.tesng.ClassB">
    <ignored/>
  </testcase> <!-- print3 -->
  <testcase name="print1" time="0.0" classname="org.tesng.ClassA">
    <ignored/>
  </testcase> <!-- print1 -->
  <testcase name="print2" time="0.0" classname="org.tesng.ClassB">
    <ignored/>
  </testcase> <!-- print2 -->
  <testcase name="print2" time="0.0" classname="org.tesng.ClassA">
    <ignored/>
  </testcase> <!-- print2 -->
  <testcase name="print1" time="0.0" classname="org.tesng.ClassB">
    <ignored/>
  </testcase> <!-- print1 -->
  <testcase name="print1" time="0.0" classname="org.tesng.ClassC">
    <ignored/>
  </testcase> <!-- print1 -->
  <testcase name="print2" time="0.0" classname="org.tesng.ClassC">
    <ignored/>
  </testcase> <!-- print2 -->
  <testcase name="print3" time="0.0" classname="org.tesng.ClassC">
    <ignored/>
  </testcase> <!-- print3 -->
</testsuite> <!-- Test -->
